{"/home/jamie/IdeaProjects/music-web-app-server/server.js": {"path":"/home/jamie/IdeaProjects/music-web-app-server/server.js","statementMap":{"0":{"start":{"line":1,"column":16},"end":{"line":1,"column":34}},"1":{"start":{"line":2,"column":12},"end":{"line":2,"column":21}},"2":{"start":{"line":3,"column":16},"end":{"line":3,"column":34}},"3":{"start":{"line":4,"column":13},"end":{"line":4,"column":28}},"4":{"start":{"line":5,"column":13},"end":{"line":5,"column":37}},"5":{"start":{"line":6,"column":13},"end":{"line":6,"column":28}},"6":{"start":{"line":7,"column":19},"end":{"line":7,"column":41}},"7":{"start":{"line":8,"column":15},"end":{"line":8,"column":48}},"8":{"start":{"line":9,"column":17},"end":{"line":9,"column":46}},"9":{"start":{"line":10,"column":17},"end":{"line":10,"column":48}},"10":{"start":{"line":11,"column":18},"end":{"line":11,"column":52}},"11":{"start":{"line":13,"column":0},"end":{"line":13,"column":16}},"12":{"start":{"line":14,"column":0},"end":{"line":14,"column":27}},"13":{"start":{"line":15,"column":0},"end":{"line":15,"column":55}},"14":{"start":{"line":20,"column":0},"end":{"line":32,"column":3}},"15":{"start":{"line":21,"column":16},"end":{"line":21,"column":34}},"16":{"start":{"line":22,"column":4},"end":{"line":31,"column":7}},"17":{"start":{"line":23,"column":8},"end":{"line":30,"column":9}},"18":{"start":{"line":25,"column":12},"end":{"line":25,"column":38}},"19":{"start":{"line":26,"column":12},"end":{"line":29,"column":15}},"20":{"start":{"line":37,"column":0},"end":{"line":41,"column":3}},"21":{"start":{"line":38,"column":19},"end":{"line":38,"column":50}},"22":{"start":{"line":39,"column":4},"end":{"line":39,"column":23}},"23":{"start":{"line":40,"column":4},"end":{"line":40,"column":14}},"24":{"start":{"line":46,"column":0},"end":{"line":50,"column":3}},"25":{"start":{"line":47,"column":19},"end":{"line":47,"column":55}},"26":{"start":{"line":48,"column":4},"end":{"line":48,"column":23}},"27":{"start":{"line":49,"column":4},"end":{"line":49,"column":14}},"28":{"start":{"line":55,"column":0},"end":{"line":59,"column":3}},"29":{"start":{"line":56,"column":19},"end":{"line":56,"column":55}},"30":{"start":{"line":57,"column":4},"end":{"line":57,"column":23}},"31":{"start":{"line":58,"column":4},"end":{"line":58,"column":14}},"32":{"start":{"line":64,"column":0},"end":{"line":68,"column":3}},"33":{"start":{"line":65,"column":19},"end":{"line":65,"column":52}},"34":{"start":{"line":66,"column":4},"end":{"line":66,"column":23}},"35":{"start":{"line":67,"column":4},"end":{"line":67,"column":14}},"36":{"start":{"line":73,"column":0},"end":{"line":77,"column":3}},"37":{"start":{"line":74,"column":19},"end":{"line":74,"column":56}},"38":{"start":{"line":75,"column":4},"end":{"line":75,"column":23}},"39":{"start":{"line":76,"column":4},"end":{"line":76,"column":14}},"40":{"start":{"line":82,"column":0},"end":{"line":86,"column":3}},"41":{"start":{"line":83,"column":19},"end":{"line":83,"column":51}},"42":{"start":{"line":84,"column":4},"end":{"line":84,"column":23}},"43":{"start":{"line":85,"column":4},"end":{"line":85,"column":14}},"44":{"start":{"line":88,"column":18},"end":{"line":88,"column":52}},"45":{"start":{"line":89,"column":22},"end":{"line":89,"column":56}},"46":{"start":{"line":92,"column":20},"end":{"line":101,"column":1}},"47":{"start":{"line":106,"column":0},"end":{"line":108,"column":3}},"48":{"start":{"line":107,"column":4},"end":{"line":107,"column":59}},"49":{"start":{"line":111,"column":0},"end":{"line":111,"column":65}},"50":{"start":{"line":111,"column":23},"end":{"line":111,"column":63}},"51":{"start":{"line":113,"column":0},"end":{"line":113,"column":21}}},"fnMap":{"0":{"name":"(anonymous_0)","decl":{"start":{"line":20,"column":25},"end":{"line":20,"column":26}},"loc":{"start":{"line":20,"column":39},"end":{"line":32,"column":1}},"line":20},"1":{"name":"(anonymous_1)","decl":{"start":{"line":22,"column":30},"end":{"line":22,"column":31}},"loc":{"start":{"line":22,"column":63},"end":{"line":31,"column":5}},"line":22},"2":{"name":"(anonymous_2)","decl":{"start":{"line":37,"column":24},"end":{"line":37,"column":25}},"loc":{"start":{"line":37,"column":43},"end":{"line":41,"column":1}},"line":37},"3":{"name":"(anonymous_3)","decl":{"start":{"line":46,"column":35},"end":{"line":46,"column":36}},"loc":{"start":{"line":46,"column":54},"end":{"line":50,"column":1}},"line":46},"4":{"name":"(anonymous_4)","decl":{"start":{"line":55,"column":39},"end":{"line":55,"column":40}},"loc":{"start":{"line":55,"column":58},"end":{"line":59,"column":1}},"line":55},"5":{"name":"(anonymous_5)","decl":{"start":{"line":64,"column":40},"end":{"line":64,"column":41}},"loc":{"start":{"line":64,"column":59},"end":{"line":68,"column":1}},"line":64},"6":{"name":"(anonymous_6)","decl":{"start":{"line":73,"column":42},"end":{"line":73,"column":43}},"loc":{"start":{"line":73,"column":61},"end":{"line":77,"column":1}},"line":73},"7":{"name":"(anonymous_7)","decl":{"start":{"line":82,"column":27},"end":{"line":82,"column":28}},"loc":{"start":{"line":82,"column":46},"end":{"line":86,"column":1}},"line":82},"8":{"name":"(anonymous_8)","decl":{"start":{"line":106,"column":13},"end":{"line":106,"column":14}},"loc":{"start":{"line":106,"column":27},"end":{"line":108,"column":1}},"line":106},"9":{"name":"(anonymous_9)","decl":{"start":{"line":111,"column":17},"end":{"line":111,"column":18}},"loc":{"start":{"line":111,"column":23},"end":{"line":111,"column":63}},"line":111}},"branchMap":{"0":{"loc":{"start":{"line":5,"column":13},"end":{"line":5,"column":37}},"type":"binary-expr","locations":[{"start":{"line":5,"column":13},"end":{"line":5,"column":29}},{"start":{"line":5,"column":33},"end":{"line":5,"column":37}}],"line":5},"1":{"loc":{"start":{"line":23,"column":8},"end":{"line":30,"column":9}},"type":"if","locations":[{"start":{"line":23,"column":8},"end":{"line":30,"column":9}},{"start":{"line":23,"column":8},"end":{"line":30,"column":9}}],"line":23},"2":{"loc":{"start":{"line":23,"column":12},"end":{"line":23,"column":49}},"type":"binary-expr","locations":[{"start":{"line":23,"column":12},"end":{"line":23,"column":18}},{"start":{"line":23,"column":22},"end":{"line":23,"column":49}}],"line":23}},"s":{"0":1,"1":1,"2":1,"3":1,"4":1,"5":1,"6":1,"7":1,"8":1,"9":1,"10":1,"11":1,"12":1,"13":1,"14":1,"15":1,"16":1,"17":1,"18":1,"19":1,"20":1,"21":1,"22":1,"23":1,"24":1,"25":1,"26":1,"27":1,"28":1,"29":1,"30":1,"31":1,"32":1,"33":1,"34":1,"35":1,"36":1,"37":1,"38":1,"39":1,"40":1,"41":1,"42":1,"43":1,"44":1,"45":1,"46":1,"47":1,"48":0,"49":1,"50":1,"51":1},"f":{"0":1,"1":1,"2":1,"3":1,"4":1,"5":1,"6":1,"7":1,"8":0,"9":1},"b":{"0":[1,1],"1":[1,0],"2":[1,1]},"_coverageSchema":"1a1c01bbd47fc00a2c39e90264f33305004495a9","hash":"e512ff5342b95765ba2e1bf9e7f4c59c12c96d18"}
,"/home/jamie/IdeaProjects/music-web-app-server/api/GenerateHistogram.js": {"path":"/home/jamie/IdeaProjects/music-web-app-server/api/GenerateHistogram.js","statementMap":{"0":{"start":{"line":5,"column":15},"end":{"line":5,"column":24}},"1":{"start":{"line":6,"column":20},"end":{"line":6,"column":34}},"2":{"start":{"line":8,"column":20},"end":{"line":19,"column":5}},"3":{"start":{"line":21,"column":4},"end":{"line":21,"column":67}},"4":{"start":{"line":23,"column":25},"end":{"line":77,"column":5}},"5":{"start":{"line":28,"column":20},"end":{"line":28,"column":67}},"6":{"start":{"line":31,"column":20},"end":{"line":31,"column":77}},"7":{"start":{"line":79,"column":4},"end":{"line":79,"column":37}},"8":{"start":{"line":82,"column":0},"end":{"line":84,"column":1}}},"fnMap":{"0":{"name":"generateHistogram","decl":{"start":{"line":4,"column":9},"end":{"line":4,"column":26}},"loc":{"start":{"line":4,"column":33},"end":{"line":80,"column":1}},"line":4},"1":{"name":"(anonymous_1)","decl":{"start":{"line":27,"column":23},"end":{"line":27,"column":24}},"loc":{"start":{"line":27,"column":52},"end":{"line":29,"column":17}},"line":27},"2":{"name":"(anonymous_2)","decl":{"start":{"line":30,"column":23},"end":{"line":30,"column":24}},"loc":{"start":{"line":30,"column":52},"end":{"line":32,"column":17}},"line":30}},"branchMap":{},"s":{"0":5,"1":4,"2":4,"3":4,"4":4,"5":0,"6":0,"7":4,"8":2},"f":{"0":5,"1":0,"2":0},"b":{},"_coverageSchema":"1a1c01bbd47fc00a2c39e90264f33305004495a9","hash":"ee61d76cabfa507d525706e3897f2bb1fdeda8a4"}
,"/home/jamie/IdeaProjects/music-web-app-server/api/PlaylistFitWeb.js": {"path":"/home/jamie/IdeaProjects/music-web-app-server/api/PlaylistFitWeb.js","statementMap":{"0":{"start":{"line":7,"column":26},"end":{"line":15,"column":9}},"1":{"start":{"line":17,"column":8},"end":{"line":31,"column":9}},"2":{"start":{"line":18,"column":12},"end":{"line":18,"column":62}},"3":{"start":{"line":19,"column":15},"end":{"line":31,"column":9}},"4":{"start":{"line":20,"column":12},"end":{"line":20,"column":62}},"5":{"start":{"line":21,"column":15},"end":{"line":31,"column":9}},"6":{"start":{"line":22,"column":12},"end":{"line":22,"column":62}},"7":{"start":{"line":23,"column":15},"end":{"line":31,"column":9}},"8":{"start":{"line":24,"column":12},"end":{"line":24,"column":62}},"9":{"start":{"line":25,"column":15},"end":{"line":31,"column":9}},"10":{"start":{"line":26,"column":12},"end":{"line":26,"column":62}},"11":{"start":{"line":27,"column":15},"end":{"line":31,"column":9}},"12":{"start":{"line":28,"column":12},"end":{"line":28,"column":62}},"13":{"start":{"line":30,"column":12},"end":{"line":30,"column":62}},"14":{"start":{"line":33,"column":29},"end":{"line":84,"column":9}},"15":{"start":{"line":37,"column":24},"end":{"line":37,"column":71}},"16":{"start":{"line":40,"column":24},"end":{"line":40,"column":81}},"17":{"start":{"line":85,"column":8},"end":{"line":85,"column":41}},"18":{"start":{"line":88,"column":0},"end":{"line":90,"column":1}}},"fnMap":{"0":{"name":"generateScore","decl":{"start":{"line":6,"column":9},"end":{"line":6,"column":22}},"loc":{"start":{"line":6,"column":30},"end":{"line":86,"column":1}},"line":6},"1":{"name":"(anonymous_1)","decl":{"start":{"line":36,"column":27},"end":{"line":36,"column":28}},"loc":{"start":{"line":36,"column":56},"end":{"line":38,"column":21}},"line":36},"2":{"name":"(anonymous_2)","decl":{"start":{"line":39,"column":27},"end":{"line":39,"column":28}},"loc":{"start":{"line":39,"column":56},"end":{"line":41,"column":21}},"line":39}},"branchMap":{"0":{"loc":{"start":{"line":17,"column":8},"end":{"line":31,"column":9}},"type":"if","locations":[{"start":{"line":17,"column":8},"end":{"line":31,"column":9}},{"start":{"line":17,"column":8},"end":{"line":31,"column":9}}],"line":17},"1":{"loc":{"start":{"line":19,"column":15},"end":{"line":31,"column":9}},"type":"if","locations":[{"start":{"line":19,"column":15},"end":{"line":31,"column":9}},{"start":{"line":19,"column":15},"end":{"line":31,"column":9}}],"line":19},"2":{"loc":{"start":{"line":21,"column":15},"end":{"line":31,"column":9}},"type":"if","locations":[{"start":{"line":21,"column":15},"end":{"line":31,"column":9}},{"start":{"line":21,"column":15},"end":{"line":31,"column":9}}],"line":21},"3":{"loc":{"start":{"line":23,"column":15},"end":{"line":31,"column":9}},"type":"if","locations":[{"start":{"line":23,"column":15},"end":{"line":31,"column":9}},{"start":{"line":23,"column":15},"end":{"line":31,"column":9}}],"line":23},"4":{"loc":{"start":{"line":25,"column":15},"end":{"line":31,"column":9}},"type":"if","locations":[{"start":{"line":25,"column":15},"end":{"line":31,"column":9}},{"start":{"line":25,"column":15},"end":{"line":31,"column":9}}],"line":25},"5":{"loc":{"start":{"line":27,"column":15},"end":{"line":31,"column":9}},"type":"if","locations":[{"start":{"line":27,"column":15},"end":{"line":31,"column":9}},{"start":{"line":27,"column":15},"end":{"line":31,"column":9}}],"line":27}},"s":{"0":2,"1":2,"2":0,"3":2,"4":0,"5":2,"6":1,"7":1,"8":0,"9":1,"10":0,"11":1,"12":0,"13":1,"14":2,"15":0,"16":0,"17":2,"18":2},"f":{"0":2,"1":0,"2":0},"b":{"0":[0,2],"1":[0,2],"2":[1,1],"3":[0,1],"4":[0,1],"5":[0,1]},"_coverageSchema":"1a1c01bbd47fc00a2c39e90264f33305004495a9","hash":"7b7880a839e30c6eb301c83dfcafd856daae1c77"}
,"/home/jamie/IdeaProjects/music-web-app-server/api/SortPlaylistData.js": {"path":"/home/jamie/IdeaProjects/music-web-app-server/api/SortPlaylistData.js","statementMap":{"0":{"start":{"line":19,"column":19},"end":{"line":19,"column":37}},"1":{"start":{"line":20,"column":14},"end":{"line":20,"column":26}},"2":{"start":{"line":21,"column":17},"end":{"line":21,"column":19}},"3":{"start":{"line":22,"column":23},"end":{"line":22,"column":25}},"4":{"start":{"line":23,"column":23},"end":{"line":23,"column":25}},"5":{"start":{"line":24,"column":28},"end":{"line":24,"column":30}},"6":{"start":{"line":26,"column":4},"end":{"line":70,"column":5}},"7":{"start":{"line":26,"column":17},"end":{"line":26,"column":18}},"8":{"start":{"line":27,"column":19},"end":{"line":27,"column":21}},"9":{"start":{"line":28,"column":8},"end":{"line":34,"column":9}},"10":{"start":{"line":29,"column":12},"end":{"line":29,"column":34}},"11":{"start":{"line":30,"column":15},"end":{"line":34,"column":9}},"12":{"start":{"line":31,"column":12},"end":{"line":31,"column":28}},"13":{"start":{"line":33,"column":12},"end":{"line":33,"column":32}},"14":{"start":{"line":36,"column":8},"end":{"line":69,"column":9}},"15":{"start":{"line":37,"column":12},"end":{"line":37,"column":26}},"16":{"start":{"line":38,"column":12},"end":{"line":38,"column":44}},"17":{"start":{"line":39,"column":12},"end":{"line":40,"column":118}},"18":{"start":{"line":41,"column":12},"end":{"line":41,"column":45}},"19":{"start":{"line":42,"column":15},"end":{"line":69,"column":9}},"20":{"start":{"line":43,"column":12},"end":{"line":43,"column":26}},"21":{"start":{"line":44,"column":12},"end":{"line":44,"column":42}},"22":{"start":{"line":45,"column":12},"end":{"line":47,"column":67}},"23":{"start":{"line":48,"column":12},"end":{"line":48,"column":45}},"24":{"start":{"line":49,"column":15},"end":{"line":69,"column":9}},"25":{"start":{"line":50,"column":12},"end":{"line":50,"column":26}},"26":{"start":{"line":51,"column":12},"end":{"line":51,"column":43}},"27":{"start":{"line":52,"column":12},"end":{"line":54,"column":75}},"28":{"start":{"line":55,"column":12},"end":{"line":55,"column":45}},"29":{"start":{"line":56,"column":15},"end":{"line":69,"column":9}},"30":{"start":{"line":57,"column":12},"end":{"line":57,"column":26}},"31":{"start":{"line":58,"column":12},"end":{"line":58,"column":41}},"32":{"start":{"line":59,"column":12},"end":{"line":61,"column":68}},"33":{"start":{"line":62,"column":12},"end":{"line":62,"column":45}},"34":{"start":{"line":64,"column":12},"end":{"line":64,"column":26}},"35":{"start":{"line":65,"column":12},"end":{"line":65,"column":45}},"36":{"start":{"line":66,"column":12},"end":{"line":67,"column":105}},"37":{"start":{"line":68,"column":12},"end":{"line":68,"column":45}},"38":{"start":{"line":71,"column":21},"end":{"line":71,"column":56}},"39":{"start":{"line":71,"column":46},"end":{"line":71,"column":51}},"40":{"start":{"line":73,"column":22},"end":{"line":73,"column":29}},"41":{"start":{"line":74,"column":4},"end":{"line":88,"column":5}},"42":{"start":{"line":75,"column":8},"end":{"line":75,"column":32}},"43":{"start":{"line":76,"column":11},"end":{"line":88,"column":5}},"44":{"start":{"line":77,"column":8},"end":{"line":77,"column":32}},"45":{"start":{"line":78,"column":11},"end":{"line":88,"column":5}},"46":{"start":{"line":79,"column":8},"end":{"line":79,"column":32}},"47":{"start":{"line":80,"column":11},"end":{"line":88,"column":5}},"48":{"start":{"line":81,"column":8},"end":{"line":81,"column":32}},"49":{"start":{"line":82,"column":11},"end":{"line":88,"column":5}},"50":{"start":{"line":83,"column":8},"end":{"line":83,"column":32}},"51":{"start":{"line":84,"column":11},"end":{"line":88,"column":5}},"52":{"start":{"line":85,"column":8},"end":{"line":85,"column":32}},"53":{"start":{"line":87,"column":8},"end":{"line":87,"column":32}},"54":{"start":{"line":90,"column":21},"end":{"line":97,"column":5}},"55":{"start":{"line":98,"column":4},"end":{"line":98,"column":20}},"56":{"start":{"line":114,"column":16},"end":{"line":114,"column":76}},"57":{"start":{"line":115,"column":17},"end":{"line":115,"column":77}},"58":{"start":{"line":116,"column":18},"end":{"line":116,"column":78}},"59":{"start":{"line":117,"column":21},"end":{"line":117,"column":23}},"60":{"start":{"line":118,"column":22},"end":{"line":118,"column":24}},"61":{"start":{"line":119,"column":23},"end":{"line":119,"column":25}},"62":{"start":{"line":120,"column":21},"end":{"line":120,"column":22}},"63":{"start":{"line":121,"column":22},"end":{"line":121,"column":23}},"64":{"start":{"line":122,"column":23},"end":{"line":122,"column":24}},"65":{"start":{"line":123,"column":12},"end":{"line":123,"column":13}},"66":{"start":{"line":124,"column":4},"end":{"line":268,"column":7}},"67":{"start":{"line":125,"column":8},"end":{"line":165,"column":9}},"68":{"start":{"line":126,"column":12},"end":{"line":126,"column":23}},"69":{"start":{"line":127,"column":15},"end":{"line":165,"column":9}},"70":{"start":{"line":128,"column":12},"end":{"line":128,"column":23}},"71":{"start":{"line":129,"column":15},"end":{"line":165,"column":9}},"72":{"start":{"line":130,"column":12},"end":{"line":130,"column":23}},"73":{"start":{"line":131,"column":15},"end":{"line":165,"column":9}},"74":{"start":{"line":132,"column":12},"end":{"line":132,"column":23}},"75":{"start":{"line":133,"column":15},"end":{"line":165,"column":9}},"76":{"start":{"line":134,"column":12},"end":{"line":134,"column":23}},"77":{"start":{"line":135,"column":15},"end":{"line":165,"column":9}},"78":{"start":{"line":136,"column":12},"end":{"line":136,"column":23}},"79":{"start":{"line":137,"column":15},"end":{"line":165,"column":9}},"80":{"start":{"line":138,"column":12},"end":{"line":138,"column":23}},"81":{"start":{"line":139,"column":15},"end":{"line":165,"column":9}},"82":{"start":{"line":140,"column":12},"end":{"line":140,"column":23}},"83":{"start":{"line":141,"column":15},"end":{"line":165,"column":9}},"84":{"start":{"line":142,"column":12},"end":{"line":142,"column":23}},"85":{"start":{"line":143,"column":15},"end":{"line":165,"column":9}},"86":{"start":{"line":144,"column":12},"end":{"line":144,"column":23}},"87":{"start":{"line":145,"column":15},"end":{"line":165,"column":9}},"88":{"start":{"line":146,"column":12},"end":{"line":146,"column":24}},"89":{"start":{"line":147,"column":15},"end":{"line":165,"column":9}},"90":{"start":{"line":148,"column":12},"end":{"line":148,"column":24}},"91":{"start":{"line":149,"column":15},"end":{"line":165,"column":9}},"92":{"start":{"line":150,"column":12},"end":{"line":150,"column":24}},"93":{"start":{"line":151,"column":15},"end":{"line":165,"column":9}},"94":{"start":{"line":152,"column":12},"end":{"line":152,"column":24}},"95":{"start":{"line":153,"column":15},"end":{"line":165,"column":9}},"96":{"start":{"line":154,"column":12},"end":{"line":154,"column":24}},"97":{"start":{"line":155,"column":15},"end":{"line":165,"column":9}},"98":{"start":{"line":156,"column":12},"end":{"line":156,"column":24}},"99":{"start":{"line":157,"column":15},"end":{"line":165,"column":9}},"100":{"start":{"line":158,"column":12},"end":{"line":158,"column":24}},"101":{"start":{"line":159,"column":15},"end":{"line":165,"column":9}},"102":{"start":{"line":160,"column":12},"end":{"line":160,"column":24}},"103":{"start":{"line":161,"column":15},"end":{"line":165,"column":9}},"104":{"start":{"line":162,"column":12},"end":{"line":162,"column":24}},"105":{"start":{"line":164,"column":12},"end":{"line":164,"column":24}},"106":{"start":{"line":167,"column":8},"end":{"line":207,"column":9}},"107":{"start":{"line":168,"column":12},"end":{"line":168,"column":24}},"108":{"start":{"line":169,"column":15},"end":{"line":207,"column":9}},"109":{"start":{"line":170,"column":12},"end":{"line":170,"column":24}},"110":{"start":{"line":171,"column":15},"end":{"line":207,"column":9}},"111":{"start":{"line":172,"column":12},"end":{"line":172,"column":24}},"112":{"start":{"line":173,"column":15},"end":{"line":207,"column":9}},"113":{"start":{"line":174,"column":12},"end":{"line":174,"column":24}},"114":{"start":{"line":175,"column":15},"end":{"line":207,"column":9}},"115":{"start":{"line":176,"column":12},"end":{"line":176,"column":24}},"116":{"start":{"line":177,"column":15},"end":{"line":207,"column":9}},"117":{"start":{"line":178,"column":12},"end":{"line":178,"column":24}},"118":{"start":{"line":179,"column":15},"end":{"line":207,"column":9}},"119":{"start":{"line":180,"column":12},"end":{"line":180,"column":24}},"120":{"start":{"line":181,"column":15},"end":{"line":207,"column":9}},"121":{"start":{"line":182,"column":12},"end":{"line":182,"column":24}},"122":{"start":{"line":183,"column":15},"end":{"line":207,"column":9}},"123":{"start":{"line":184,"column":12},"end":{"line":184,"column":24}},"124":{"start":{"line":185,"column":15},"end":{"line":207,"column":9}},"125":{"start":{"line":186,"column":12},"end":{"line":186,"column":24}},"126":{"start":{"line":187,"column":15},"end":{"line":207,"column":9}},"127":{"start":{"line":188,"column":12},"end":{"line":188,"column":25}},"128":{"start":{"line":189,"column":15},"end":{"line":207,"column":9}},"129":{"start":{"line":190,"column":12},"end":{"line":190,"column":25}},"130":{"start":{"line":191,"column":15},"end":{"line":207,"column":9}},"131":{"start":{"line":192,"column":12},"end":{"line":192,"column":25}},"132":{"start":{"line":193,"column":15},"end":{"line":207,"column":9}},"133":{"start":{"line":194,"column":12},"end":{"line":194,"column":25}},"134":{"start":{"line":195,"column":15},"end":{"line":207,"column":9}},"135":{"start":{"line":196,"column":12},"end":{"line":196,"column":25}},"136":{"start":{"line":197,"column":15},"end":{"line":207,"column":9}},"137":{"start":{"line":198,"column":12},"end":{"line":198,"column":25}},"138":{"start":{"line":199,"column":15},"end":{"line":207,"column":9}},"139":{"start":{"line":200,"column":12},"end":{"line":200,"column":25}},"140":{"start":{"line":201,"column":15},"end":{"line":207,"column":9}},"141":{"start":{"line":202,"column":12},"end":{"line":202,"column":25}},"142":{"start":{"line":203,"column":15},"end":{"line":207,"column":9}},"143":{"start":{"line":204,"column":12},"end":{"line":204,"column":25}},"144":{"start":{"line":206,"column":12},"end":{"line":206,"column":25}},"145":{"start":{"line":209,"column":8},"end":{"line":249,"column":9}},"146":{"start":{"line":210,"column":12},"end":{"line":210,"column":25}},"147":{"start":{"line":211,"column":15},"end":{"line":249,"column":9}},"148":{"start":{"line":212,"column":12},"end":{"line":212,"column":25}},"149":{"start":{"line":213,"column":15},"end":{"line":249,"column":9}},"150":{"start":{"line":214,"column":12},"end":{"line":214,"column":25}},"151":{"start":{"line":215,"column":15},"end":{"line":249,"column":9}},"152":{"start":{"line":216,"column":12},"end":{"line":216,"column":25}},"153":{"start":{"line":217,"column":15},"end":{"line":249,"column":9}},"154":{"start":{"line":218,"column":12},"end":{"line":218,"column":25}},"155":{"start":{"line":219,"column":15},"end":{"line":249,"column":9}},"156":{"start":{"line":220,"column":12},"end":{"line":220,"column":25}},"157":{"start":{"line":221,"column":15},"end":{"line":249,"column":9}},"158":{"start":{"line":222,"column":12},"end":{"line":222,"column":25}},"159":{"start":{"line":223,"column":15},"end":{"line":249,"column":9}},"160":{"start":{"line":224,"column":12},"end":{"line":224,"column":25}},"161":{"start":{"line":225,"column":15},"end":{"line":249,"column":9}},"162":{"start":{"line":226,"column":12},"end":{"line":226,"column":25}},"163":{"start":{"line":227,"column":15},"end":{"line":249,"column":9}},"164":{"start":{"line":228,"column":12},"end":{"line":228,"column":25}},"165":{"start":{"line":229,"column":15},"end":{"line":249,"column":9}},"166":{"start":{"line":230,"column":12},"end":{"line":230,"column":26}},"167":{"start":{"line":231,"column":15},"end":{"line":249,"column":9}},"168":{"start":{"line":232,"column":12},"end":{"line":232,"column":26}},"169":{"start":{"line":233,"column":15},"end":{"line":249,"column":9}},"170":{"start":{"line":234,"column":12},"end":{"line":234,"column":26}},"171":{"start":{"line":235,"column":15},"end":{"line":249,"column":9}},"172":{"start":{"line":236,"column":12},"end":{"line":236,"column":26}},"173":{"start":{"line":237,"column":15},"end":{"line":249,"column":9}},"174":{"start":{"line":238,"column":12},"end":{"line":238,"column":26}},"175":{"start":{"line":239,"column":15},"end":{"line":249,"column":9}},"176":{"start":{"line":240,"column":12},"end":{"line":240,"column":26}},"177":{"start":{"line":241,"column":15},"end":{"line":249,"column":9}},"178":{"start":{"line":242,"column":12},"end":{"line":242,"column":26}},"179":{"start":{"line":243,"column":15},"end":{"line":249,"column":9}},"180":{"start":{"line":244,"column":12},"end":{"line":244,"column":26}},"181":{"start":{"line":245,"column":15},"end":{"line":249,"column":9}},"182":{"start":{"line":246,"column":12},"end":{"line":246,"column":26}},"183":{"start":{"line":248,"column":12},"end":{"line":248,"column":26}},"184":{"start":{"line":252,"column":8},"end":{"line":262,"column":9}},"185":{"start":{"line":253,"column":12},"end":{"line":255,"column":15}},"186":{"start":{"line":254,"column":16},"end":{"line":254,"column":35}},"187":{"start":{"line":256,"column":12},"end":{"line":258,"column":15}},"188":{"start":{"line":257,"column":16},"end":{"line":257,"column":35}},"189":{"start":{"line":259,"column":12},"end":{"line":261,"column":15}},"190":{"start":{"line":260,"column":16},"end":{"line":260,"column":35}},"191":{"start":{"line":264,"column":8},"end":{"line":264,"column":44}},"192":{"start":{"line":265,"column":8},"end":{"line":265,"column":39}},"193":{"start":{"line":266,"column":8},"end":{"line":266,"column":41}},"194":{"start":{"line":267,"column":8},"end":{"line":267,"column":12}},"195":{"start":{"line":270,"column":17},"end":{"line":270,"column":117}},"196":{"start":{"line":271,"column":16},"end":{"line":271,"column":124}},"197":{"start":{"line":271,"column":44},"end":{"line":271,"column":47}},"198":{"start":{"line":271,"column":80},"end":{"line":271,"column":83}},"199":{"start":{"line":271,"column":117},"end":{"line":271,"column":120}},"200":{"start":{"line":272,"column":17},"end":{"line":274,"column":88}},"201":{"start":{"line":272,"column":48},"end":{"line":272,"column":70}},"202":{"start":{"line":272,"column":88},"end":{"line":272,"column":91}},"203":{"start":{"line":273,"column":39},"end":{"line":273,"column":61}},"204":{"start":{"line":273,"column":79},"end":{"line":273,"column":82}},"205":{"start":{"line":274,"column":40},"end":{"line":274,"column":62}},"206":{"start":{"line":274,"column":80},"end":{"line":274,"column":83}},"207":{"start":{"line":275,"column":17},"end":{"line":275,"column":19}},"208":{"start":{"line":277,"column":4},"end":{"line":285,"column":5}},"209":{"start":{"line":277,"column":17},"end":{"line":277,"column":18}},"210":{"start":{"line":278,"column":8},"end":{"line":284,"column":9}},"211":{"start":{"line":279,"column":12},"end":{"line":279,"column":26}},"212":{"start":{"line":280,"column":15},"end":{"line":284,"column":9}},"213":{"start":{"line":281,"column":12},"end":{"line":281,"column":26}},"214":{"start":{"line":283,"column":12},"end":{"line":283,"column":26}},"215":{"start":{"line":286,"column":14},"end":{"line":289,"column":5}},"216":{"start":{"line":291,"column":21},"end":{"line":304,"column":5}},"217":{"start":{"line":306,"column":4},"end":{"line":306,"column":20}},"218":{"start":{"line":309,"column":0},"end":{"line":311,"column":1}}},"fnMap":{"0":{"name":"generateScores","decl":{"start":{"line":18,"column":9},"end":{"line":18,"column":23}},"loc":{"start":{"line":18,"column":30},"end":{"line":99,"column":1}},"line":18},"1":{"name":"(anonymous_1)","decl":{"start":{"line":71,"column":36},"end":{"line":71,"column":37}},"loc":{"start":{"line":71,"column":46},"end":{"line":71,"column":51}},"line":71},"2":{"name":"simplifyData","decl":{"start":{"line":113,"column":9},"end":{"line":113,"column":21}},"loc":{"start":{"line":113,"column":28},"end":{"line":307,"column":1}},"line":113},"3":{"name":"(anonymous_3)","decl":{"start":{"line":124,"column":32},"end":{"line":124,"column":33}},"loc":{"start":{"line":124,"column":41},"end":{"line":268,"column":5}},"line":124},"4":{"name":"(anonymous_4)","decl":{"start":{"line":253,"column":41},"end":{"line":253,"column":42}},"loc":{"start":{"line":253,"column":50},"end":{"line":255,"column":13}},"line":253},"5":{"name":"(anonymous_5)","decl":{"start":{"line":256,"column":43},"end":{"line":256,"column":44}},"loc":{"start":{"line":256,"column":52},"end":{"line":258,"column":13}},"line":256},"6":{"name":"(anonymous_6)","decl":{"start":{"line":259,"column":45},"end":{"line":259,"column":46}},"loc":{"start":{"line":259,"column":54},"end":{"line":261,"column":13}},"line":259},"7":{"name":"(anonymous_7)","decl":{"start":{"line":271,"column":35},"end":{"line":271,"column":36}},"loc":{"start":{"line":271,"column":44},"end":{"line":271,"column":47}},"line":271},"8":{"name":"(anonymous_8)","decl":{"start":{"line":271,"column":71},"end":{"line":271,"column":72}},"loc":{"start":{"line":271,"column":80},"end":{"line":271,"column":83}},"line":271},"9":{"name":"(anonymous_9)","decl":{"start":{"line":271,"column":108},"end":{"line":271,"column":109}},"loc":{"start":{"line":271,"column":117},"end":{"line":271,"column":120}},"line":271},"10":{"name":"(anonymous_10)","decl":{"start":{"line":272,"column":43},"end":{"line":272,"column":44}},"loc":{"start":{"line":272,"column":48},"end":{"line":272,"column":70}},"line":272},"11":{"name":"(anonymous_11)","decl":{"start":{"line":272,"column":79},"end":{"line":272,"column":80}},"loc":{"start":{"line":272,"column":88},"end":{"line":272,"column":91}},"line":272},"12":{"name":"(anonymous_12)","decl":{"start":{"line":273,"column":34},"end":{"line":273,"column":35}},"loc":{"start":{"line":273,"column":39},"end":{"line":273,"column":61}},"line":273},"13":{"name":"(anonymous_13)","decl":{"start":{"line":273,"column":70},"end":{"line":273,"column":71}},"loc":{"start":{"line":273,"column":79},"end":{"line":273,"column":82}},"line":273},"14":{"name":"(anonymous_14)","decl":{"start":{"line":274,"column":35},"end":{"line":274,"column":36}},"loc":{"start":{"line":274,"column":40},"end":{"line":274,"column":62}},"line":274},"15":{"name":"(anonymous_15)","decl":{"start":{"line":274,"column":71},"end":{"line":274,"column":72}},"loc":{"start":{"line":274,"column":80},"end":{"line":274,"column":83}},"line":274}},"branchMap":{"0":{"loc":{"start":{"line":28,"column":8},"end":{"line":34,"column":9}},"type":"if","locations":[{"start":{"line":28,"column":8},"end":{"line":34,"column":9}},{"start":{"line":28,"column":8},"end":{"line":34,"column":9}}],"line":28},"1":{"loc":{"start":{"line":30,"column":15},"end":{"line":34,"column":9}},"type":"if","locations":[{"start":{"line":30,"column":15},"end":{"line":34,"column":9}},{"start":{"line":30,"column":15},"end":{"line":34,"column":9}}],"line":30},"2":{"loc":{"start":{"line":36,"column":8},"end":{"line":69,"column":9}},"type":"if","locations":[{"start":{"line":36,"column":8},"end":{"line":69,"column":9}},{"start":{"line":36,"column":8},"end":{"line":69,"column":9}}],"line":36},"3":{"loc":{"start":{"line":36,"column":12},"end":{"line":36,"column":56}},"type":"binary-expr","locations":[{"start":{"line":36,"column":12},"end":{"line":36,"column":31}},{"start":{"line":36,"column":35},"end":{"line":36,"column":56}}],"line":36},"4":{"loc":{"start":{"line":42,"column":15},"end":{"line":69,"column":9}},"type":"if","locations":[{"start":{"line":42,"column":15},"end":{"line":69,"column":9}},{"start":{"line":42,"column":15},"end":{"line":69,"column":9}}],"line":42},"5":{"loc":{"start":{"line":42,"column":19},"end":{"line":42,"column":62}},"type":"binary-expr","locations":[{"start":{"line":42,"column":19},"end":{"line":42,"column":38}},{"start":{"line":42,"column":42},"end":{"line":42,"column":62}}],"line":42},"6":{"loc":{"start":{"line":49,"column":15},"end":{"line":69,"column":9}},"type":"if","locations":[{"start":{"line":49,"column":15},"end":{"line":69,"column":9}},{"start":{"line":49,"column":15},"end":{"line":69,"column":9}}],"line":49},"7":{"loc":{"start":{"line":49,"column":19},"end":{"line":49,"column":87}},"type":"binary-expr","locations":[{"start":{"line":49,"column":20},"end":{"line":49,"column":39}},{"start":{"line":49,"column":43},"end":{"line":49,"column":62}},{"start":{"line":49,"column":67},"end":{"line":49,"column":87}}],"line":49},"8":{"loc":{"start":{"line":56,"column":15},"end":{"line":69,"column":9}},"type":"if","locations":[{"start":{"line":56,"column":15},"end":{"line":69,"column":9}},{"start":{"line":56,"column":15},"end":{"line":69,"column":9}}],"line":56},"9":{"loc":{"start":{"line":56,"column":19},"end":{"line":56,"column":63}},"type":"binary-expr","locations":[{"start":{"line":56,"column":19},"end":{"line":56,"column":38}},{"start":{"line":56,"column":42},"end":{"line":56,"column":63}}],"line":56},"10":{"loc":{"start":{"line":74,"column":4},"end":{"line":88,"column":5}},"type":"if","locations":[{"start":{"line":74,"column":4},"end":{"line":88,"column":5}},{"start":{"line":74,"column":4},"end":{"line":88,"column":5}}],"line":74},"11":{"loc":{"start":{"line":76,"column":11},"end":{"line":88,"column":5}},"type":"if","locations":[{"start":{"line":76,"column":11},"end":{"line":88,"column":5}},{"start":{"line":76,"column":11},"end":{"line":88,"column":5}}],"line":76},"12":{"loc":{"start":{"line":78,"column":11},"end":{"line":88,"column":5}},"type":"if","locations":[{"start":{"line":78,"column":11},"end":{"line":88,"column":5}},{"start":{"line":78,"column":11},"end":{"line":88,"column":5}}],"line":78},"13":{"loc":{"start":{"line":80,"column":11},"end":{"line":88,"column":5}},"type":"if","locations":[{"start":{"line":80,"column":11},"end":{"line":88,"column":5}},{"start":{"line":80,"column":11},"end":{"line":88,"column":5}}],"line":80},"14":{"loc":{"start":{"line":82,"column":11},"end":{"line":88,"column":5}},"type":"if","locations":[{"start":{"line":82,"column":11},"end":{"line":88,"column":5}},{"start":{"line":82,"column":11},"end":{"line":88,"column":5}}],"line":82},"15":{"loc":{"start":{"line":84,"column":11},"end":{"line":88,"column":5}},"type":"if","locations":[{"start":{"line":84,"column":11},"end":{"line":88,"column":5}},{"start":{"line":84,"column":11},"end":{"line":88,"column":5}}],"line":84},"16":{"loc":{"start":{"line":125,"column":8},"end":{"line":165,"column":9}},"type":"if","locations":[{"start":{"line":125,"column":8},"end":{"line":165,"column":9}},{"start":{"line":125,"column":8},"end":{"line":165,"column":9}}],"line":125},"17":{"loc":{"start":{"line":127,"column":15},"end":{"line":165,"column":9}},"type":"if","locations":[{"start":{"line":127,"column":15},"end":{"line":165,"column":9}},{"start":{"line":127,"column":15},"end":{"line":165,"column":9}}],"line":127},"18":{"loc":{"start":{"line":129,"column":15},"end":{"line":165,"column":9}},"type":"if","locations":[{"start":{"line":129,"column":15},"end":{"line":165,"column":9}},{"start":{"line":129,"column":15},"end":{"line":165,"column":9}}],"line":129},"19":{"loc":{"start":{"line":131,"column":15},"end":{"line":165,"column":9}},"type":"if","locations":[{"start":{"line":131,"column":15},"end":{"line":165,"column":9}},{"start":{"line":131,"column":15},"end":{"line":165,"column":9}}],"line":131},"20":{"loc":{"start":{"line":133,"column":15},"end":{"line":165,"column":9}},"type":"if","locations":[{"start":{"line":133,"column":15},"end":{"line":165,"column":9}},{"start":{"line":133,"column":15},"end":{"line":165,"column":9}}],"line":133},"21":{"loc":{"start":{"line":135,"column":15},"end":{"line":165,"column":9}},"type":"if","locations":[{"start":{"line":135,"column":15},"end":{"line":165,"column":9}},{"start":{"line":135,"column":15},"end":{"line":165,"column":9}}],"line":135},"22":{"loc":{"start":{"line":137,"column":15},"end":{"line":165,"column":9}},"type":"if","locations":[{"start":{"line":137,"column":15},"end":{"line":165,"column":9}},{"start":{"line":137,"column":15},"end":{"line":165,"column":9}}],"line":137},"23":{"loc":{"start":{"line":139,"column":15},"end":{"line":165,"column":9}},"type":"if","locations":[{"start":{"line":139,"column":15},"end":{"line":165,"column":9}},{"start":{"line":139,"column":15},"end":{"line":165,"column":9}}],"line":139},"24":{"loc":{"start":{"line":141,"column":15},"end":{"line":165,"column":9}},"type":"if","locations":[{"start":{"line":141,"column":15},"end":{"line":165,"column":9}},{"start":{"line":141,"column":15},"end":{"line":165,"column":9}}],"line":141},"25":{"loc":{"start":{"line":143,"column":15},"end":{"line":165,"column":9}},"type":"if","locations":[{"start":{"line":143,"column":15},"end":{"line":165,"column":9}},{"start":{"line":143,"column":15},"end":{"line":165,"column":9}}],"line":143},"26":{"loc":{"start":{"line":145,"column":15},"end":{"line":165,"column":9}},"type":"if","locations":[{"start":{"line":145,"column":15},"end":{"line":165,"column":9}},{"start":{"line":145,"column":15},"end":{"line":165,"column":9}}],"line":145},"27":{"loc":{"start":{"line":147,"column":15},"end":{"line":165,"column":9}},"type":"if","locations":[{"start":{"line":147,"column":15},"end":{"line":165,"column":9}},{"start":{"line":147,"column":15},"end":{"line":165,"column":9}}],"line":147},"28":{"loc":{"start":{"line":149,"column":15},"end":{"line":165,"column":9}},"type":"if","locations":[{"start":{"line":149,"column":15},"end":{"line":165,"column":9}},{"start":{"line":149,"column":15},"end":{"line":165,"column":9}}],"line":149},"29":{"loc":{"start":{"line":151,"column":15},"end":{"line":165,"column":9}},"type":"if","locations":[{"start":{"line":151,"column":15},"end":{"line":165,"column":9}},{"start":{"line":151,"column":15},"end":{"line":165,"column":9}}],"line":151},"30":{"loc":{"start":{"line":153,"column":15},"end":{"line":165,"column":9}},"type":"if","locations":[{"start":{"line":153,"column":15},"end":{"line":165,"column":9}},{"start":{"line":153,"column":15},"end":{"line":165,"column":9}}],"line":153},"31":{"loc":{"start":{"line":155,"column":15},"end":{"line":165,"column":9}},"type":"if","locations":[{"start":{"line":155,"column":15},"end":{"line":165,"column":9}},{"start":{"line":155,"column":15},"end":{"line":165,"column":9}}],"line":155},"32":{"loc":{"start":{"line":157,"column":15},"end":{"line":165,"column":9}},"type":"if","locations":[{"start":{"line":157,"column":15},"end":{"line":165,"column":9}},{"start":{"line":157,"column":15},"end":{"line":165,"column":9}}],"line":157},"33":{"loc":{"start":{"line":159,"column":15},"end":{"line":165,"column":9}},"type":"if","locations":[{"start":{"line":159,"column":15},"end":{"line":165,"column":9}},{"start":{"line":159,"column":15},"end":{"line":165,"column":9}}],"line":159},"34":{"loc":{"start":{"line":161,"column":15},"end":{"line":165,"column":9}},"type":"if","locations":[{"start":{"line":161,"column":15},"end":{"line":165,"column":9}},{"start":{"line":161,"column":15},"end":{"line":165,"column":9}}],"line":161},"35":{"loc":{"start":{"line":167,"column":8},"end":{"line":207,"column":9}},"type":"if","locations":[{"start":{"line":167,"column":8},"end":{"line":207,"column":9}},{"start":{"line":167,"column":8},"end":{"line":207,"column":9}}],"line":167},"36":{"loc":{"start":{"line":169,"column":15},"end":{"line":207,"column":9}},"type":"if","locations":[{"start":{"line":169,"column":15},"end":{"line":207,"column":9}},{"start":{"line":169,"column":15},"end":{"line":207,"column":9}}],"line":169},"37":{"loc":{"start":{"line":171,"column":15},"end":{"line":207,"column":9}},"type":"if","locations":[{"start":{"line":171,"column":15},"end":{"line":207,"column":9}},{"start":{"line":171,"column":15},"end":{"line":207,"column":9}}],"line":171},"38":{"loc":{"start":{"line":173,"column":15},"end":{"line":207,"column":9}},"type":"if","locations":[{"start":{"line":173,"column":15},"end":{"line":207,"column":9}},{"start":{"line":173,"column":15},"end":{"line":207,"column":9}}],"line":173},"39":{"loc":{"start":{"line":175,"column":15},"end":{"line":207,"column":9}},"type":"if","locations":[{"start":{"line":175,"column":15},"end":{"line":207,"column":9}},{"start":{"line":175,"column":15},"end":{"line":207,"column":9}}],"line":175},"40":{"loc":{"start":{"line":177,"column":15},"end":{"line":207,"column":9}},"type":"if","locations":[{"start":{"line":177,"column":15},"end":{"line":207,"column":9}},{"start":{"line":177,"column":15},"end":{"line":207,"column":9}}],"line":177},"41":{"loc":{"start":{"line":179,"column":15},"end":{"line":207,"column":9}},"type":"if","locations":[{"start":{"line":179,"column":15},"end":{"line":207,"column":9}},{"start":{"line":179,"column":15},"end":{"line":207,"column":9}}],"line":179},"42":{"loc":{"start":{"line":181,"column":15},"end":{"line":207,"column":9}},"type":"if","locations":[{"start":{"line":181,"column":15},"end":{"line":207,"column":9}},{"start":{"line":181,"column":15},"end":{"line":207,"column":9}}],"line":181},"43":{"loc":{"start":{"line":183,"column":15},"end":{"line":207,"column":9}},"type":"if","locations":[{"start":{"line":183,"column":15},"end":{"line":207,"column":9}},{"start":{"line":183,"column":15},"end":{"line":207,"column":9}}],"line":183},"44":{"loc":{"start":{"line":185,"column":15},"end":{"line":207,"column":9}},"type":"if","locations":[{"start":{"line":185,"column":15},"end":{"line":207,"column":9}},{"start":{"line":185,"column":15},"end":{"line":207,"column":9}}],"line":185},"45":{"loc":{"start":{"line":187,"column":15},"end":{"line":207,"column":9}},"type":"if","locations":[{"start":{"line":187,"column":15},"end":{"line":207,"column":9}},{"start":{"line":187,"column":15},"end":{"line":207,"column":9}}],"line":187},"46":{"loc":{"start":{"line":189,"column":15},"end":{"line":207,"column":9}},"type":"if","locations":[{"start":{"line":189,"column":15},"end":{"line":207,"column":9}},{"start":{"line":189,"column":15},"end":{"line":207,"column":9}}],"line":189},"47":{"loc":{"start":{"line":191,"column":15},"end":{"line":207,"column":9}},"type":"if","locations":[{"start":{"line":191,"column":15},"end":{"line":207,"column":9}},{"start":{"line":191,"column":15},"end":{"line":207,"column":9}}],"line":191},"48":{"loc":{"start":{"line":193,"column":15},"end":{"line":207,"column":9}},"type":"if","locations":[{"start":{"line":193,"column":15},"end":{"line":207,"column":9}},{"start":{"line":193,"column":15},"end":{"line":207,"column":9}}],"line":193},"49":{"loc":{"start":{"line":195,"column":15},"end":{"line":207,"column":9}},"type":"if","locations":[{"start":{"line":195,"column":15},"end":{"line":207,"column":9}},{"start":{"line":195,"column":15},"end":{"line":207,"column":9}}],"line":195},"50":{"loc":{"start":{"line":197,"column":15},"end":{"line":207,"column":9}},"type":"if","locations":[{"start":{"line":197,"column":15},"end":{"line":207,"column":9}},{"start":{"line":197,"column":15},"end":{"line":207,"column":9}}],"line":197},"51":{"loc":{"start":{"line":199,"column":15},"end":{"line":207,"column":9}},"type":"if","locations":[{"start":{"line":199,"column":15},"end":{"line":207,"column":9}},{"start":{"line":199,"column":15},"end":{"line":207,"column":9}}],"line":199},"52":{"loc":{"start":{"line":201,"column":15},"end":{"line":207,"column":9}},"type":"if","locations":[{"start":{"line":201,"column":15},"end":{"line":207,"column":9}},{"start":{"line":201,"column":15},"end":{"line":207,"column":9}}],"line":201},"53":{"loc":{"start":{"line":203,"column":15},"end":{"line":207,"column":9}},"type":"if","locations":[{"start":{"line":203,"column":15},"end":{"line":207,"column":9}},{"start":{"line":203,"column":15},"end":{"line":207,"column":9}}],"line":203},"54":{"loc":{"start":{"line":209,"column":8},"end":{"line":249,"column":9}},"type":"if","locations":[{"start":{"line":209,"column":8},"end":{"line":249,"column":9}},{"start":{"line":209,"column":8},"end":{"line":249,"column":9}}],"line":209},"55":{"loc":{"start":{"line":211,"column":15},"end":{"line":249,"column":9}},"type":"if","locations":[{"start":{"line":211,"column":15},"end":{"line":249,"column":9}},{"start":{"line":211,"column":15},"end":{"line":249,"column":9}}],"line":211},"56":{"loc":{"start":{"line":213,"column":15},"end":{"line":249,"column":9}},"type":"if","locations":[{"start":{"line":213,"column":15},"end":{"line":249,"column":9}},{"start":{"line":213,"column":15},"end":{"line":249,"column":9}}],"line":213},"57":{"loc":{"start":{"line":215,"column":15},"end":{"line":249,"column":9}},"type":"if","locations":[{"start":{"line":215,"column":15},"end":{"line":249,"column":9}},{"start":{"line":215,"column":15},"end":{"line":249,"column":9}}],"line":215},"58":{"loc":{"start":{"line":217,"column":15},"end":{"line":249,"column":9}},"type":"if","locations":[{"start":{"line":217,"column":15},"end":{"line":249,"column":9}},{"start":{"line":217,"column":15},"end":{"line":249,"column":9}}],"line":217},"59":{"loc":{"start":{"line":219,"column":15},"end":{"line":249,"column":9}},"type":"if","locations":[{"start":{"line":219,"column":15},"end":{"line":249,"column":9}},{"start":{"line":219,"column":15},"end":{"line":249,"column":9}}],"line":219},"60":{"loc":{"start":{"line":221,"column":15},"end":{"line":249,"column":9}},"type":"if","locations":[{"start":{"line":221,"column":15},"end":{"line":249,"column":9}},{"start":{"line":221,"column":15},"end":{"line":249,"column":9}}],"line":221},"61":{"loc":{"start":{"line":223,"column":15},"end":{"line":249,"column":9}},"type":"if","locations":[{"start":{"line":223,"column":15},"end":{"line":249,"column":9}},{"start":{"line":223,"column":15},"end":{"line":249,"column":9}}],"line":223},"62":{"loc":{"start":{"line":225,"column":15},"end":{"line":249,"column":9}},"type":"if","locations":[{"start":{"line":225,"column":15},"end":{"line":249,"column":9}},{"start":{"line":225,"column":15},"end":{"line":249,"column":9}}],"line":225},"63":{"loc":{"start":{"line":227,"column":15},"end":{"line":249,"column":9}},"type":"if","locations":[{"start":{"line":227,"column":15},"end":{"line":249,"column":9}},{"start":{"line":227,"column":15},"end":{"line":249,"column":9}}],"line":227},"64":{"loc":{"start":{"line":229,"column":15},"end":{"line":249,"column":9}},"type":"if","locations":[{"start":{"line":229,"column":15},"end":{"line":249,"column":9}},{"start":{"line":229,"column":15},"end":{"line":249,"column":9}}],"line":229},"65":{"loc":{"start":{"line":231,"column":15},"end":{"line":249,"column":9}},"type":"if","locations":[{"start":{"line":231,"column":15},"end":{"line":249,"column":9}},{"start":{"line":231,"column":15},"end":{"line":249,"column":9}}],"line":231},"66":{"loc":{"start":{"line":233,"column":15},"end":{"line":249,"column":9}},"type":"if","locations":[{"start":{"line":233,"column":15},"end":{"line":249,"column":9}},{"start":{"line":233,"column":15},"end":{"line":249,"column":9}}],"line":233},"67":{"loc":{"start":{"line":235,"column":15},"end":{"line":249,"column":9}},"type":"if","locations":[{"start":{"line":235,"column":15},"end":{"line":249,"column":9}},{"start":{"line":235,"column":15},"end":{"line":249,"column":9}}],"line":235},"68":{"loc":{"start":{"line":237,"column":15},"end":{"line":249,"column":9}},"type":"if","locations":[{"start":{"line":237,"column":15},"end":{"line":249,"column":9}},{"start":{"line":237,"column":15},"end":{"line":249,"column":9}}],"line":237},"69":{"loc":{"start":{"line":239,"column":15},"end":{"line":249,"column":9}},"type":"if","locations":[{"start":{"line":239,"column":15},"end":{"line":249,"column":9}},{"start":{"line":239,"column":15},"end":{"line":249,"column":9}}],"line":239},"70":{"loc":{"start":{"line":241,"column":15},"end":{"line":249,"column":9}},"type":"if","locations":[{"start":{"line":241,"column":15},"end":{"line":249,"column":9}},{"start":{"line":241,"column":15},"end":{"line":249,"column":9}}],"line":241},"71":{"loc":{"start":{"line":243,"column":15},"end":{"line":249,"column":9}},"type":"if","locations":[{"start":{"line":243,"column":15},"end":{"line":249,"column":9}},{"start":{"line":243,"column":15},"end":{"line":249,"column":9}}],"line":243},"72":{"loc":{"start":{"line":245,"column":15},"end":{"line":249,"column":9}},"type":"if","locations":[{"start":{"line":245,"column":15},"end":{"line":249,"column":9}},{"start":{"line":245,"column":15},"end":{"line":249,"column":9}}],"line":245},"73":{"loc":{"start":{"line":252,"column":8},"end":{"line":262,"column":9}},"type":"if","locations":[{"start":{"line":252,"column":8},"end":{"line":262,"column":9}},{"start":{"line":252,"column":8},"end":{"line":262,"column":9}}],"line":252},"74":{"loc":{"start":{"line":278,"column":8},"end":{"line":284,"column":9}},"type":"if","locations":[{"start":{"line":278,"column":8},"end":{"line":284,"column":9}},{"start":{"line":278,"column":8},"end":{"line":284,"column":9}}],"line":278},"75":{"loc":{"start":{"line":278,"column":12},"end":{"line":278,"column":86}},"type":"binary-expr","locations":[{"start":{"line":278,"column":12},"end":{"line":278,"column":47}},{"start":{"line":278,"column":51},"end":{"line":278,"column":86}}],"line":278},"76":{"loc":{"start":{"line":280,"column":15},"end":{"line":284,"column":9}},"type":"if","locations":[{"start":{"line":280,"column":15},"end":{"line":284,"column":9}},{"start":{"line":280,"column":15},"end":{"line":284,"column":9}}],"line":280},"77":{"loc":{"start":{"line":280,"column":19},"end":{"line":280,"column":105}},"type":"binary-expr","locations":[{"start":{"line":280,"column":19},"end":{"line":280,"column":60}},{"start":{"line":280,"column":64},"end":{"line":280,"column":105}}],"line":280}},"s":{"0":8,"1":7,"2":7,"3":7,"4":7,"5":7,"6":7,"7":7,"8":21,"9":21,"10":7,"11":14,"12":7,"13":7,"14":21,"15":14,"16":14,"17":14,"18":14,"19":7,"20":0,"21":0,"22":0,"23":0,"24":7,"25":0,"26":0,"27":0,"28":0,"29":7,"30":7,"31":7,"32":7,"33":7,"34":0,"35":0,"36":0,"37":0,"38":7,"39":21,"40":7,"41":7,"42":0,"43":7,"44":7,"45":0,"46":0,"47":0,"48":0,"49":0,"50":0,"51":0,"52":0,"53":0,"54":7,"55":7,"56":8,"57":8,"58":8,"59":8,"60":8,"61":8,"62":8,"63":8,"64":8,"65":8,"66":8,"67":14,"68":0,"69":14,"70":0,"71":14,"72":0,"73":14,"74":0,"75":14,"76":0,"77":14,"78":0,"79":14,"80":0,"81":14,"82":0,"83":14,"84":0,"85":14,"86":0,"87":14,"88":0,"89":14,"90":0,"91":14,"92":0,"93":14,"94":0,"95":14,"96":7,"97":7,"98":0,"99":7,"100":0,"101":7,"102":0,"103":7,"104":7,"105":0,"106":14,"107":0,"108":14,"109":0,"110":14,"111":0,"112":14,"113":0,"114":14,"115":0,"116":14,"117":0,"118":14,"119":0,"120":14,"121":0,"122":14,"123":14,"124":0,"125":0,"126":0,"127":0,"128":0,"129":0,"130":0,"131":0,"132":0,"133":0,"134":0,"135":0,"136":0,"137":0,"138":0,"139":0,"140":0,"141":0,"142":0,"143":0,"144":0,"145":14,"146":0,"147":14,"148":0,"149":14,"150":0,"151":14,"152":0,"153":14,"154":0,"155":14,"156":0,"157":14,"158":0,"159":14,"160":0,"161":14,"162":7,"163":7,"164":7,"165":0,"166":0,"167":0,"168":0,"169":0,"170":0,"171":0,"172":0,"173":0,"174":0,"175":0,"176":0,"177":0,"178":0,"179":0,"180":0,"181":0,"182":0,"183":0,"184":14,"185":7,"186":133,"187":7,"188":63,"189":7,"190":70,"191":14,"192":14,"193":14,"194":14,"195":7,"196":7,"197":7,"198":7,"199":7,"200":7,"201":14,"202":7,"203":14,"204":7,"205":14,"206":7,"207":7,"208":7,"209":7,"210":21,"211":14,"212":7,"213":7,"214":0,"215":7,"216":7,"217":7,"218":2},"f":{"0":8,"1":21,"2":8,"3":14,"4":133,"5":63,"6":70,"7":7,"8":7,"9":7,"10":14,"11":7,"12":14,"13":7,"14":14,"15":7},"b":{"0":[7,14],"1":[7,7],"2":[14,7],"3":[21,14],"4":[0,7],"5":[7,0],"6":[0,7],"7":[7,0,7],"8":[7,0],"9":[7,7],"10":[0,7],"11":[7,0],"12":[0,0],"13":[0,0],"14":[0,0],"15":[0,0],"16":[0,14],"17":[0,14],"18":[0,14],"19":[0,14],"20":[0,14],"21":[0,14],"22":[0,14],"23":[0,14],"24":[0,14],"25":[0,14],"26":[0,14],"27":[0,14],"28":[0,14],"29":[0,14],"30":[7,7],"31":[0,7],"32":[0,7],"33":[0,7],"34":[7,0],"35":[0,14],"36":[0,14],"37":[0,14],"38":[0,14],"39":[0,14],"40":[0,14],"41":[0,14],"42":[0,14],"43":[14,0],"44":[0,0],"45":[0,0],"46":[0,0],"47":[0,0],"48":[0,0],"49":[0,0],"50":[0,0],"51":[0,0],"52":[0,0],"53":[0,0],"54":[0,14],"55":[0,14],"56":[0,14],"57":[0,14],"58":[0,14],"59":[0,14],"60":[0,14],"61":[0,14],"62":[7,7],"63":[7,0],"64":[0,0],"65":[0,0],"66":[0,0],"67":[0,0],"68":[0,0],"69":[0,0],"70":[0,0],"71":[0,0],"72":[0,0],"73":[7,7],"74":[14,7],"75":[21,21],"76":[7,0],"77":[7,7]},"_coverageSchema":"1a1c01bbd47fc00a2c39e90264f33305004495a9","hash":"1f44ff1108c464d7f85581321b797ad648cdf877"}
,"/home/jamie/IdeaProjects/music-web-app-server/api/SortSongData.js": {"path":"/home/jamie/IdeaProjects/music-web-app-server/api/SortSongData.js","statementMap":{"0":{"start":{"line":5,"column":15},"end":{"line":5,"column":24}},"1":{"start":{"line":6,"column":16},"end":{"line":6,"column":31}},"2":{"start":{"line":7,"column":17},"end":{"line":7,"column":37}},"3":{"start":{"line":8,"column":15},"end":{"line":8,"column":24}},"4":{"start":{"line":10,"column":4},"end":{"line":12,"column":5}},"5":{"start":{"line":11,"column":8},"end":{"line":11,"column":49}},"6":{"start":{"line":13,"column":4},"end":{"line":15,"column":5}},"7":{"start":{"line":14,"column":8},"end":{"line":14,"column":56}},"8":{"start":{"line":16,"column":4},"end":{"line":18,"column":5}},"9":{"start":{"line":17,"column":8},"end":{"line":17,"column":62}},"10":{"start":{"line":19,"column":4},"end":{"line":23,"column":5}},"11":{"start":{"line":20,"column":8},"end":{"line":20,"column":21}},"12":{"start":{"line":22,"column":8},"end":{"line":22,"column":20}},"13":{"start":{"line":24,"column":18},"end":{"line":24,"column":20}},"14":{"start":{"line":25,"column":4},"end":{"line":27,"column":7}},"15":{"start":{"line":26,"column":8},"end":{"line":26,"column":37}},"16":{"start":{"line":29,"column":4},"end":{"line":29,"column":57}},"17":{"start":{"line":31,"column":4},"end":{"line":31,"column":47}},"18":{"start":{"line":38,"column":15},"end":{"line":38,"column":22}},"19":{"start":{"line":39,"column":4},"end":{"line":43,"column":5}},"20":{"start":{"line":40,"column":8},"end":{"line":40,"column":19}},"21":{"start":{"line":41,"column":11},"end":{"line":43,"column":5}},"22":{"start":{"line":42,"column":8},"end":{"line":42,"column":20}},"23":{"start":{"line":44,"column":19},"end":{"line":44,"column":26}},"24":{"start":{"line":45,"column":4},"end":{"line":51,"column":5}},"25":{"start":{"line":46,"column":8},"end":{"line":46,"column":24}},"26":{"start":{"line":47,"column":11},"end":{"line":51,"column":5}},"27":{"start":{"line":48,"column":8},"end":{"line":48,"column":27}},"28":{"start":{"line":50,"column":8},"end":{"line":50,"column":25}},"29":{"start":{"line":52,"column":23},"end":{"line":52,"column":32}},"30":{"start":{"line":53,"column":4},"end":{"line":57,"column":5}},"31":{"start":{"line":54,"column":8},"end":{"line":54,"column":28}},"32":{"start":{"line":56,"column":8},"end":{"line":56,"column":29}},"33":{"start":{"line":58,"column":21},"end":{"line":58,"column":30}},"34":{"start":{"line":59,"column":4},"end":{"line":65,"column":5}},"35":{"start":{"line":60,"column":8},"end":{"line":60,"column":31}},"36":{"start":{"line":61,"column":11},"end":{"line":65,"column":5}},"37":{"start":{"line":62,"column":8},"end":{"line":62,"column":42}},"38":{"start":{"line":64,"column":8},"end":{"line":64,"column":35}},"39":{"start":{"line":66,"column":14},"end":{"line":66,"column":23}},"40":{"start":{"line":67,"column":4},"end":{"line":91,"column":5}},"41":{"start":{"line":68,"column":8},"end":{"line":68,"column":18}},"42":{"start":{"line":69,"column":11},"end":{"line":91,"column":5}},"43":{"start":{"line":70,"column":8},"end":{"line":70,"column":20}},"44":{"start":{"line":71,"column":11},"end":{"line":91,"column":5}},"45":{"start":{"line":72,"column":8},"end":{"line":72,"column":18}},"46":{"start":{"line":73,"column":11},"end":{"line":91,"column":5}},"47":{"start":{"line":74,"column":8},"end":{"line":74,"column":20}},"48":{"start":{"line":75,"column":11},"end":{"line":91,"column":5}},"49":{"start":{"line":76,"column":8},"end":{"line":76,"column":18}},"50":{"start":{"line":77,"column":11},"end":{"line":91,"column":5}},"51":{"start":{"line":78,"column":8},"end":{"line":78,"column":18}},"52":{"start":{"line":79,"column":11},"end":{"line":91,"column":5}},"53":{"start":{"line":80,"column":8},"end":{"line":80,"column":20}},"54":{"start":{"line":81,"column":11},"end":{"line":91,"column":5}},"55":{"start":{"line":82,"column":8},"end":{"line":82,"column":18}},"56":{"start":{"line":83,"column":11},"end":{"line":91,"column":5}},"57":{"start":{"line":84,"column":8},"end":{"line":84,"column":20}},"58":{"start":{"line":85,"column":11},"end":{"line":91,"column":5}},"59":{"start":{"line":86,"column":8},"end":{"line":86,"column":18}},"60":{"start":{"line":87,"column":11},"end":{"line":91,"column":5}},"61":{"start":{"line":88,"column":8},"end":{"line":88,"column":20}},"62":{"start":{"line":89,"column":11},"end":{"line":91,"column":5}},"63":{"start":{"line":90,"column":8},"end":{"line":90,"column":18}},"64":{"start":{"line":92,"column":4},"end":{"line":92,"column":59}},"65":{"start":{"line":99,"column":22},"end":{"line":108,"column":5}},"66":{"start":{"line":109,"column":25},"end":{"line":158,"column":5}},"67":{"start":{"line":113,"column":20},"end":{"line":113,"column":67}},"68":{"start":{"line":116,"column":20},"end":{"line":116,"column":77}},"69":{"start":{"line":159,"column":3},"end":{"line":162,"column":5}},"70":{"start":{"line":165,"column":0},"end":{"line":169,"column":1}}},"fnMap":{"0":{"name":"truncateTrackData","decl":{"start":{"line":4,"column":9},"end":{"line":4,"column":26}},"loc":{"start":{"line":4,"column":33},"end":{"line":32,"column":1}},"line":4},"1":{"name":"(anonymous_1)","decl":{"start":{"line":25,"column":25},"end":{"line":25,"column":26}},"loc":{"start":{"line":25,"column":35},"end":{"line":27,"column":5}},"line":25},"2":{"name":"sortTrackFeatures","decl":{"start":{"line":37,"column":9},"end":{"line":37,"column":26}},"loc":{"start":{"line":37,"column":33},"end":{"line":93,"column":1}},"line":37},"3":{"name":"generateCharts","decl":{"start":{"line":98,"column":9},"end":{"line":98,"column":23}},"loc":{"start":{"line":98,"column":34},"end":{"line":163,"column":1}},"line":98},"4":{"name":"(anonymous_4)","decl":{"start":{"line":112,"column":23},"end":{"line":112,"column":24}},"loc":{"start":{"line":112,"column":52},"end":{"line":114,"column":17}},"line":112},"5":{"name":"(anonymous_5)","decl":{"start":{"line":115,"column":23},"end":{"line":115,"column":24}},"loc":{"start":{"line":115,"column":52},"end":{"line":117,"column":17}},"line":115}},"branchMap":{"0":{"loc":{"start":{"line":10,"column":4},"end":{"line":12,"column":5}},"type":"if","locations":[{"start":{"line":10,"column":4},"end":{"line":12,"column":5}},{"start":{"line":10,"column":4},"end":{"line":12,"column":5}}],"line":10},"1":{"loc":{"start":{"line":13,"column":4},"end":{"line":15,"column":5}},"type":"if","locations":[{"start":{"line":13,"column":4},"end":{"line":15,"column":5}},{"start":{"line":13,"column":4},"end":{"line":15,"column":5}}],"line":13},"2":{"loc":{"start":{"line":16,"column":4},"end":{"line":18,"column":5}},"type":"if","locations":[{"start":{"line":16,"column":4},"end":{"line":18,"column":5}},{"start":{"line":16,"column":4},"end":{"line":18,"column":5}}],"line":16},"3":{"loc":{"start":{"line":19,"column":4},"end":{"line":23,"column":5}},"type":"if","locations":[{"start":{"line":19,"column":4},"end":{"line":23,"column":5}},{"start":{"line":19,"column":4},"end":{"line":23,"column":5}}],"line":19},"4":{"loc":{"start":{"line":39,"column":4},"end":{"line":43,"column":5}},"type":"if","locations":[{"start":{"line":39,"column":4},"end":{"line":43,"column":5}},{"start":{"line":39,"column":4},"end":{"line":43,"column":5}}],"line":39},"5":{"loc":{"start":{"line":41,"column":11},"end":{"line":43,"column":5}},"type":"if","locations":[{"start":{"line":41,"column":11},"end":{"line":43,"column":5}},{"start":{"line":41,"column":11},"end":{"line":43,"column":5}}],"line":41},"6":{"loc":{"start":{"line":45,"column":4},"end":{"line":51,"column":5}},"type":"if","locations":[{"start":{"line":45,"column":4},"end":{"line":51,"column":5}},{"start":{"line":45,"column":4},"end":{"line":51,"column":5}}],"line":45},"7":{"loc":{"start":{"line":47,"column":11},"end":{"line":51,"column":5}},"type":"if","locations":[{"start":{"line":47,"column":11},"end":{"line":51,"column":5}},{"start":{"line":47,"column":11},"end":{"line":51,"column":5}}],"line":47},"8":{"loc":{"start":{"line":53,"column":4},"end":{"line":57,"column":5}},"type":"if","locations":[{"start":{"line":53,"column":4},"end":{"line":57,"column":5}},{"start":{"line":53,"column":4},"end":{"line":57,"column":5}}],"line":53},"9":{"loc":{"start":{"line":59,"column":4},"end":{"line":65,"column":5}},"type":"if","locations":[{"start":{"line":59,"column":4},"end":{"line":65,"column":5}},{"start":{"line":59,"column":4},"end":{"line":65,"column":5}}],"line":59},"10":{"loc":{"start":{"line":61,"column":11},"end":{"line":65,"column":5}},"type":"if","locations":[{"start":{"line":61,"column":11},"end":{"line":65,"column":5}},{"start":{"line":61,"column":11},"end":{"line":65,"column":5}}],"line":61},"11":{"loc":{"start":{"line":67,"column":4},"end":{"line":91,"column":5}},"type":"if","locations":[{"start":{"line":67,"column":4},"end":{"line":91,"column":5}},{"start":{"line":67,"column":4},"end":{"line":91,"column":5}}],"line":67},"12":{"loc":{"start":{"line":69,"column":11},"end":{"line":91,"column":5}},"type":"if","locations":[{"start":{"line":69,"column":11},"end":{"line":91,"column":5}},{"start":{"line":69,"column":11},"end":{"line":91,"column":5}}],"line":69},"13":{"loc":{"start":{"line":71,"column":11},"end":{"line":91,"column":5}},"type":"if","locations":[{"start":{"line":71,"column":11},"end":{"line":91,"column":5}},{"start":{"line":71,"column":11},"end":{"line":91,"column":5}}],"line":71},"14":{"loc":{"start":{"line":73,"column":11},"end":{"line":91,"column":5}},"type":"if","locations":[{"start":{"line":73,"column":11},"end":{"line":91,"column":5}},{"start":{"line":73,"column":11},"end":{"line":91,"column":5}}],"line":73},"15":{"loc":{"start":{"line":75,"column":11},"end":{"line":91,"column":5}},"type":"if","locations":[{"start":{"line":75,"column":11},"end":{"line":91,"column":5}},{"start":{"line":75,"column":11},"end":{"line":91,"column":5}}],"line":75},"16":{"loc":{"start":{"line":77,"column":11},"end":{"line":91,"column":5}},"type":"if","locations":[{"start":{"line":77,"column":11},"end":{"line":91,"column":5}},{"start":{"line":77,"column":11},"end":{"line":91,"column":5}}],"line":77},"17":{"loc":{"start":{"line":79,"column":11},"end":{"line":91,"column":5}},"type":"if","locations":[{"start":{"line":79,"column":11},"end":{"line":91,"column":5}},{"start":{"line":79,"column":11},"end":{"line":91,"column":5}}],"line":79},"18":{"loc":{"start":{"line":81,"column":11},"end":{"line":91,"column":5}},"type":"if","locations":[{"start":{"line":81,"column":11},"end":{"line":91,"column":5}},{"start":{"line":81,"column":11},"end":{"line":91,"column":5}}],"line":81},"19":{"loc":{"start":{"line":83,"column":11},"end":{"line":91,"column":5}},"type":"if","locations":[{"start":{"line":83,"column":11},"end":{"line":91,"column":5}},{"start":{"line":83,"column":11},"end":{"line":91,"column":5}}],"line":83},"20":{"loc":{"start":{"line":85,"column":11},"end":{"line":91,"column":5}},"type":"if","locations":[{"start":{"line":85,"column":11},"end":{"line":91,"column":5}},{"start":{"line":85,"column":11},"end":{"line":91,"column":5}}],"line":85},"21":{"loc":{"start":{"line":87,"column":11},"end":{"line":91,"column":5}},"type":"if","locations":[{"start":{"line":87,"column":11},"end":{"line":91,"column":5}},{"start":{"line":87,"column":11},"end":{"line":91,"column":5}}],"line":87},"22":{"loc":{"start":{"line":89,"column":11},"end":{"line":91,"column":5}},"type":"if","locations":[{"start":{"line":89,"column":11},"end":{"line":91,"column":5}},{"start":{"line":89,"column":11},"end":{"line":91,"column":5}}],"line":89}},"s":{"0":5,"1":5,"2":5,"3":5,"4":5,"5":5,"6":5,"7":5,"8":5,"9":5,"10":5,"11":5,"12":0,"13":5,"14":5,"15":5,"16":5,"17":5,"18":14,"19":14,"20":8,"21":6,"22":6,"23":14,"24":14,"25":5,"26":9,"27":3,"28":6,"29":14,"30":14,"31":8,"32":6,"33":14,"34":14,"35":5,"36":9,"37":3,"38":6,"39":14,"40":14,"41":6,"42":8,"43":5,"44":3,"45":3,"46":0,"47":0,"48":0,"49":0,"50":0,"51":0,"52":0,"53":0,"54":0,"55":0,"56":0,"57":0,"58":0,"59":0,"60":0,"61":0,"62":0,"63":0,"64":14,"65":5,"66":4,"67":0,"68":0,"69":4,"70":2},"f":{"0":5,"1":5,"2":14,"3":5,"4":0,"5":0},"b":{"0":[5,0],"1":[5,0],"2":[5,0],"3":[5,0],"4":[8,6],"5":[6,0],"6":[5,9],"7":[3,6],"8":[8,6],"9":[5,9],"10":[3,6],"11":[6,8],"12":[5,3],"13":[3,0],"14":[0,0],"15":[0,0],"16":[0,0],"17":[0,0],"18":[0,0],"19":[0,0],"20":[0,0],"21":[0,0],"22":[0,0]},"_coverageSchema":"1a1c01bbd47fc00a2c39e90264f33305004495a9","hash":"ffee662c51e1c281446385c3c12f880ec5365a27"}
}
