TN:
SF:server.js
FN:20,(anonymous_0)
FN:22,(anonymous_1)
FN:37,(anonymous_2)
FN:46,(anonymous_3)
FN:55,(anonymous_4)
FN:64,(anonymous_5)
FN:73,(anonymous_6)
FN:82,(anonymous_7)
FN:106,(anonymous_8)
FN:111,(anonymous_9)
FNF:10
FNH:9
FNDA:1,(anonymous_0)
FNDA:1,(anonymous_1)
FNDA:1,(anonymous_2)
FNDA:1,(anonymous_3)
FNDA:1,(anonymous_4)
FNDA:1,(anonymous_5)
FNDA:1,(anonymous_6)
FNDA:1,(anonymous_7)
FNDA:0,(anonymous_8)
FNDA:1,(anonymous_9)
DA:1,1
DA:2,1
DA:3,1
DA:4,1
DA:5,1
DA:6,1
DA:7,1
DA:8,1
DA:9,1
DA:10,1
DA:11,1
DA:13,1
DA:14,1
DA:15,1
DA:20,1
DA:21,1
DA:22,1
DA:23,1
DA:25,1
DA:26,1
DA:37,1
DA:38,1
DA:39,1
DA:40,1
DA:46,1
DA:47,1
DA:48,1
DA:49,1
DA:55,1
DA:56,1
DA:57,1
DA:58,1
DA:64,1
DA:65,1
DA:66,1
DA:67,1
DA:73,1
DA:74,1
DA:75,1
DA:76,1
DA:82,1
DA:83,1
DA:84,1
DA:85,1
DA:88,1
DA:89,1
DA:92,1
DA:106,1
DA:107,0
DA:111,1
DA:113,1
LF:51
LH:50
BRDA:5,0,0,1
BRDA:5,0,1,1
BRDA:23,1,0,1
BRDA:23,1,1,0
BRDA:23,2,0,1
BRDA:23,2,1,1
BRF:6
BRH:5
end_of_record
TN:
SF:api/GenerateHistogram.js
FN:4,generateHistogram
FN:27,(anonymous_1)
FN:30,(anonymous_2)
FNF:3
FNH:1
FNDA:5,generateHistogram
FNDA:0,(anonymous_1)
FNDA:0,(anonymous_2)
DA:5,5
DA:6,4
DA:8,4
DA:21,4
DA:23,4
DA:28,0
DA:31,0
DA:79,4
DA:82,2
LF:9
LH:7
BRF:0
BRH:0
end_of_record
TN:
SF:api/GenerateScoreChart.js
FN:6,generateScore
FN:36,(anonymous_1)
FN:39,(anonymous_2)
FNF:3
FNH:1
FNDA:2,generateScore
FNDA:0,(anonymous_1)
FNDA:0,(anonymous_2)
DA:7,2
DA:17,2
DA:18,0
DA:19,2
DA:20,0
DA:21,2
DA:22,1
DA:23,1
DA:24,0
DA:25,1
DA:26,0
DA:27,1
DA:28,0
DA:30,1
DA:33,2
DA:37,0
DA:40,0
DA:85,2
DA:88,2
LF:19
LH:12
BRDA:17,0,0,0
BRDA:17,0,1,2
BRDA:19,1,0,0
BRDA:19,1,1,2
BRDA:21,2,0,1
BRDA:21,2,1,1
BRDA:23,3,0,0
BRDA:23,3,1,1
BRDA:25,4,0,0
BRDA:25,4,1,1
BRDA:27,5,0,0
BRDA:27,5,1,1
BRF:12
BRH:7
end_of_record
TN:
SF:api/SortPlaylistData.js
FN:18,generateScores
FN:71,(anonymous_1)
FN:113,simplifyData
FN:124,(anonymous_3)
FN:253,(anonymous_4)
FN:256,(anonymous_5)
FN:259,(anonymous_6)
FN:271,(anonymous_7)
FN:271,(anonymous_8)
FN:271,(anonymous_9)
FN:272,(anonymous_10)
FN:272,(anonymous_11)
FN:273,(anonymous_12)
FN:273,(anonymous_13)
FN:274,(anonymous_14)
FN:274,(anonymous_15)
FNF:16
FNH:16
FNDA:8,generateScores
FNDA:21,(anonymous_1)
FNDA:8,simplifyData
FNDA:14,(anonymous_3)
FNDA:133,(anonymous_4)
FNDA:63,(anonymous_5)
FNDA:70,(anonymous_6)
FNDA:7,(anonymous_7)
FNDA:7,(anonymous_8)
FNDA:7,(anonymous_9)
FNDA:14,(anonymous_10)
FNDA:7,(anonymous_11)
FNDA:14,(anonymous_12)
FNDA:7,(anonymous_13)
FNDA:14,(anonymous_14)
FNDA:7,(anonymous_15)
DA:19,8
DA:20,7
DA:21,7
DA:22,7
DA:23,7
DA:24,7
DA:26,7
DA:27,21
DA:28,21
DA:29,7
DA:30,14
DA:31,7
DA:33,7
DA:36,21
DA:37,14
DA:38,14
DA:39,14
DA:41,14
DA:42,7
DA:43,0
DA:44,0
DA:45,0
DA:48,0
DA:49,7
DA:50,0
DA:51,0
DA:52,0
DA:55,0
DA:56,7
DA:57,7
DA:58,7
DA:59,7
DA:62,7
DA:64,0
DA:65,0
DA:66,0
DA:68,0
DA:71,21
DA:73,7
DA:74,7
DA:75,0
DA:76,7
DA:77,7
DA:78,0
DA:79,0
DA:80,0
DA:81,0
DA:82,0
DA:83,0
DA:84,0
DA:85,0
DA:87,0
DA:90,7
DA:98,7
DA:114,8
DA:115,8
DA:116,8
DA:117,8
DA:118,8
DA:119,8
DA:120,8
DA:121,8
DA:122,8
DA:123,8
DA:124,8
DA:125,14
DA:126,0
DA:127,14
DA:128,0
DA:129,14
DA:130,0
DA:131,14
DA:132,0
DA:133,14
DA:134,0
DA:135,14
DA:136,0
DA:137,14
DA:138,0
DA:139,14
DA:140,0
DA:141,14
DA:142,0
DA:143,14
DA:144,0
DA:145,14
DA:146,0
DA:147,14
DA:148,0
DA:149,14
DA:150,0
DA:151,14
DA:152,0
DA:153,14
DA:154,7
DA:155,7
DA:156,0
DA:157,7
DA:158,0
DA:159,7
DA:160,0
DA:161,7
DA:162,7
DA:164,0
DA:167,14
DA:168,0
DA:169,14
DA:170,0
DA:171,14
DA:172,0
DA:173,14
DA:174,0
DA:175,14
DA:176,0
DA:177,14
DA:178,0
DA:179,14
DA:180,0
DA:181,14
DA:182,0
DA:183,14
DA:184,14
DA:185,0
DA:186,0
DA:187,0
DA:188,0
DA:189,0
DA:190,0
DA:191,0
DA:192,0
DA:193,0
DA:194,0
DA:195,0
DA:196,0
DA:197,0
DA:198,0
DA:199,0
DA:200,0
DA:201,0
DA:202,0
DA:203,0
DA:204,0
DA:206,0
DA:209,14
DA:210,0
DA:211,14
DA:212,0
DA:213,14
DA:214,0
DA:215,14
DA:216,0
DA:217,14
DA:218,0
DA:219,14
DA:220,0
DA:221,14
DA:222,0
DA:223,14
DA:224,0
DA:225,14
DA:226,7
DA:227,7
DA:228,7
DA:229,0
DA:230,0
DA:231,0
DA:232,0
DA:233,0
DA:234,0
DA:235,0
DA:236,0
DA:237,0
DA:238,0
DA:239,0
DA:240,0
DA:241,0
DA:242,0
DA:243,0
DA:244,0
DA:245,0
DA:246,0
DA:248,0
DA:252,14
DA:253,7
DA:254,133
DA:256,7
DA:257,63
DA:259,7
DA:260,70
DA:264,14
DA:265,14
DA:266,14
DA:267,14
DA:270,7
DA:271,7
DA:272,14
DA:273,14
DA:274,14
DA:275,7
DA:277,7
DA:278,21
DA:279,14
DA:280,7
DA:281,7
DA:283,0
DA:286,7
DA:291,7
DA:306,7
DA:309,2
LF:209
LH:112
BRDA:28,0,0,7
BRDA:28,0,1,14
BRDA:30,1,0,7
BRDA:30,1,1,7
BRDA:36,2,0,14
BRDA:36,2,1,7
BRDA:36,3,0,21
BRDA:36,3,1,14
BRDA:42,4,0,0
BRDA:42,4,1,7
BRDA:42,5,0,7
BRDA:42,5,1,0
BRDA:49,6,0,0
BRDA:49,6,1,7
BRDA:49,7,0,7
BRDA:49,7,1,0
BRDA:49,7,2,7
BRDA:56,8,0,7
BRDA:56,8,1,0
BRDA:56,9,0,7
BRDA:56,9,1,7
BRDA:74,10,0,0
BRDA:74,10,1,7
BRDA:76,11,0,7
BRDA:76,11,1,0
BRDA:78,12,0,0
BRDA:78,12,1,0
BRDA:80,13,0,0
BRDA:80,13,1,0
BRDA:82,14,0,0
BRDA:82,14,1,0
BRDA:84,15,0,0
BRDA:84,15,1,0
BRDA:125,16,0,0
BRDA:125,16,1,14
BRDA:127,17,0,0
BRDA:127,17,1,14
BRDA:129,18,0,0
BRDA:129,18,1,14
BRDA:131,19,0,0
BRDA:131,19,1,14
BRDA:133,20,0,0
BRDA:133,20,1,14
BRDA:135,21,0,0
BRDA:135,21,1,14
BRDA:137,22,0,0
BRDA:137,22,1,14
BRDA:139,23,0,0
BRDA:139,23,1,14
BRDA:141,24,0,0
BRDA:141,24,1,14
BRDA:143,25,0,0
BRDA:143,25,1,14
BRDA:145,26,0,0
BRDA:145,26,1,14
BRDA:147,27,0,0
BRDA:147,27,1,14
BRDA:149,28,0,0
BRDA:149,28,1,14
BRDA:151,29,0,0
BRDA:151,29,1,14
BRDA:153,30,0,7
BRDA:153,30,1,7
BRDA:155,31,0,0
BRDA:155,31,1,7
BRDA:157,32,0,0
BRDA:157,32,1,7
BRDA:159,33,0,0
BRDA:159,33,1,7
BRDA:161,34,0,7
BRDA:161,34,1,0
BRDA:167,35,0,0
BRDA:167,35,1,14
BRDA:169,36,0,0
BRDA:169,36,1,14
BRDA:171,37,0,0
BRDA:171,37,1,14
BRDA:173,38,0,0
BRDA:173,38,1,14
BRDA:175,39,0,0
BRDA:175,39,1,14
BRDA:177,40,0,0
BRDA:177,40,1,14
BRDA:179,41,0,0
BRDA:179,41,1,14
BRDA:181,42,0,0
BRDA:181,42,1,14
BRDA:183,43,0,14
BRDA:183,43,1,0
BRDA:185,44,0,0
BRDA:185,44,1,0
BRDA:187,45,0,0
BRDA:187,45,1,0
BRDA:189,46,0,0
BRDA:189,46,1,0
BRDA:191,47,0,0
BRDA:191,47,1,0
BRDA:193,48,0,0
BRDA:193,48,1,0
BRDA:195,49,0,0
BRDA:195,49,1,0
BRDA:197,50,0,0
BRDA:197,50,1,0
BRDA:199,51,0,0
BRDA:199,51,1,0
BRDA:201,52,0,0
BRDA:201,52,1,0
BRDA:203,53,0,0
BRDA:203,53,1,0
BRDA:209,54,0,0
BRDA:209,54,1,14
BRDA:211,55,0,0
BRDA:211,55,1,14
BRDA:213,56,0,0
BRDA:213,56,1,14
BRDA:215,57,0,0
BRDA:215,57,1,14
BRDA:217,58,0,0
BRDA:217,58,1,14
BRDA:219,59,0,0
BRDA:219,59,1,14
BRDA:221,60,0,0
BRDA:221,60,1,14
BRDA:223,61,0,0
BRDA:223,61,1,14
BRDA:225,62,0,7
BRDA:225,62,1,7
BRDA:227,63,0,7
BRDA:227,63,1,0
BRDA:229,64,0,0
BRDA:229,64,1,0
BRDA:231,65,0,0
BRDA:231,65,1,0
BRDA:233,66,0,0
BRDA:233,66,1,0
BRDA:235,67,0,0
BRDA:235,67,1,0
BRDA:237,68,0,0
BRDA:237,68,1,0
BRDA:239,69,0,0
BRDA:239,69,1,0
BRDA:241,70,0,0
BRDA:241,70,1,0
BRDA:243,71,0,0
BRDA:243,71,1,0
BRDA:245,72,0,0
BRDA:245,72,1,0
BRDA:252,73,0,7
BRDA:252,73,1,7
BRDA:278,74,0,14
BRDA:278,74,1,7
BRDA:278,75,0,21
BRDA:278,75,1,21
BRDA:280,76,0,7
BRDA:280,76,1,0
BRDA:280,77,0,7
BRDA:280,77,1,7
BRF:157
BRH:67
end_of_record
TN:
SF:api/SortSongData.js
FN:4,truncateTrackData
FN:25,(anonymous_1)
FN:37,sortTrackFeatures
FN:98,generateCharts
FN:112,(anonymous_4)
FN:115,(anonymous_5)
FNF:6
FNH:4
FNDA:5,truncateTrackData
FNDA:5,(anonymous_1)
FNDA:14,sortTrackFeatures
FNDA:5,generateCharts
FNDA:0,(anonymous_4)
FNDA:0,(anonymous_5)
DA:5,5
DA:6,5
DA:7,5
DA:8,5
DA:10,5
DA:11,5
DA:13,5
DA:14,5
DA:16,5
DA:17,5
DA:19,5
DA:20,5
DA:22,0
DA:24,5
DA:25,5
DA:26,5
DA:29,5
DA:31,5
DA:38,14
DA:39,14
DA:40,8
DA:41,6
DA:42,6
DA:44,14
DA:45,14
DA:46,5
DA:47,9
DA:48,3
DA:50,6
DA:52,14
DA:53,14
DA:54,8
DA:56,6
DA:58,14
DA:59,14
DA:60,5
DA:61,9
DA:62,3
DA:64,6
DA:66,14
DA:67,14
DA:68,6
DA:69,8
DA:70,5
DA:71,3
DA:72,3
DA:73,0
DA:74,0
DA:75,0
DA:76,0
DA:77,0
DA:78,0
DA:79,0
DA:80,0
DA:81,0
DA:82,0
DA:83,0
DA:84,0
DA:85,0
DA:86,0
DA:87,0
DA:88,0
DA:89,0
DA:90,0
DA:92,14
DA:99,5
DA:109,4
DA:113,0
DA:116,0
DA:159,4
DA:165,2
LF:71
LH:50
BRDA:10,0,0,5
BRDA:10,0,1,0
BRDA:13,1,0,5
BRDA:13,1,1,0
BRDA:16,2,0,5
BRDA:16,2,1,0
BRDA:19,3,0,5
BRDA:19,3,1,0
BRDA:39,4,0,8
BRDA:39,4,1,6
BRDA:41,5,0,6
BRDA:41,5,1,0
BRDA:45,6,0,5
BRDA:45,6,1,9
BRDA:47,7,0,3
BRDA:47,7,1,6
BRDA:53,8,0,8
BRDA:53,8,1,6
BRDA:59,9,0,5
BRDA:59,9,1,9
BRDA:61,10,0,3
BRDA:61,10,1,6
BRDA:67,11,0,6
BRDA:67,11,1,8
BRDA:69,12,0,5
BRDA:69,12,1,3
BRDA:71,13,0,3
BRDA:71,13,1,0
BRDA:73,14,0,0
BRDA:73,14,1,0
BRDA:75,15,0,0
BRDA:75,15,1,0
BRDA:77,16,0,0
BRDA:77,16,1,0
BRDA:79,17,0,0
BRDA:79,17,1,0
BRDA:81,18,0,0
BRDA:81,18,1,0
BRDA:83,19,0,0
BRDA:83,19,1,0
BRDA:85,20,0,0
BRDA:85,20,1,0
BRDA:87,21,0,0
BRDA:87,21,1,0
BRDA:89,22,0,0
BRDA:89,22,1,0
BRF:46
BRH:22
end_of_record
